<?xml version="1.0" encoding="UTF-8"?>
<!-- Generated by org.testng.reporters.JUnitXMLReporter -->
<testsuite ignored="0" hostname="LAPTOP-VARHNTM8" failures="0" tests="3" name="CrossbrowserTest" time="166.387" errors="0" timestamp="2023-02-13T16:44:52 IST">
  <testcase classname="com.mohs10.scripts.HomeTest" name="chrome" time="46.143"/>
  <testcase classname="com.mohs10.scripts.HomeTest" name="edge" time="57.144"/>
  <testcase classname="com.mohs10.scripts.HomeTest" name="firefox" time="62.801"/>
</testsuite> <!-- CrossbrowserTest -->
