<?xml version="1.0" encoding="UTF-8"?>
<testng-results ignored="0" total="3" passed="3" failed="0" skipped="0">
  <reporter-output>
  </reporter-output>
  <suite started-at="2023-02-13T16:42:05 IST" name="Parameterization Test Suite" finished-at="2023-02-13T16:44:52 IST" duration-ms="166387">
    <groups>
    </groups>
    <test started-at="2023-02-13T16:42:05 IST" name="CrossbrowserTest" finished-at="2023-02-13T16:44:52 IST" duration-ms="166387">
      <class name="com.mohs10.scripts.HomeTest">
        <test-method is-config="true" signature="generateReport()[pri:0, instance:com.mohs10.scripts.HomeTest@1b2abca6]" started-at="2023-02-13T16:42:05 IST" name="generateReport" finished-at="2023-02-13T16:42:06 IST" duration-ms="260" status="PASS">
          <reporter-output>
          </reporter-output>
        </test-method> <!-- generateReport -->
        <test-method is-config="true" signature="methodName(java.lang.reflect.Method)[pri:0, instance:com.mohs10.scripts.HomeTest@1b2abca6]" started-at="2023-02-13T16:42:06 IST" name="methodName" finished-at="2023-02-13T16:42:06 IST" duration-ms="5" status="PASS">
          <params>
            <param index="0">
              <value>
                <![CDATA[public void com.mohs10.scripts.HomeTest.chrome(java.lang.String,java.lang.String,java.lang.String,java.lang.String,java.lang.String) throws java.lang.Exception]]>
              </value>
            </param>
          </params>
          <reporter-output>
          </reporter-output>
        </test-method> <!-- methodName -->
        <test-method signature="chrome(java.lang.String,java.lang.String,java.lang.String,java.lang.String,java.lang.String)[pri:0, instance:com.mohs10.scripts.HomeTest@1b2abca6]" started-at="2023-02-13T16:42:06 IST" name="chrome" finished-at="2023-02-13T16:42:52 IST" duration-ms="46143" status="PASS">
          <params>
            <param index="0">
              <value>
                <![CDATA[chrome]]>
              </value>
            </param>
            <param index="1">
              <value>
                <![CDATA[mohs10tech]]>
              </value>
            </param>
            <param index="2">
              <value>
                <![CDATA[mhs10@gmail.com]]>
              </value>
            </param>
            <param index="3">
              <value>
                <![CDATA[happy deal}]]>
              </value>
            </param>
            <param index="4">
              <value>
                <![CDATA[Hi Krisemi , My Self Mohs10 technology, happy to meet with You.]]>
              </value>
            </param>
          </params>
          <reporter-output>
          </reporter-output>
        </test-method> <!-- chrome -->
        <test-method is-config="true" signature="methodName(java.lang.reflect.Method)[pri:0, instance:com.mohs10.scripts.HomeTest@1b2abca6]" started-at="2023-02-13T16:42:52 IST" name="methodName" finished-at="2023-02-13T16:42:52 IST" duration-ms="3" status="PASS">
          <params>
            <param index="0">
              <value>
                <![CDATA[public void com.mohs10.scripts.HomeTest.edge(java.lang.String,java.lang.String,java.lang.String,java.lang.String,java.lang.String) throws java.lang.Exception]]>
              </value>
            </param>
          </params>
          <reporter-output>
          </reporter-output>
        </test-method> <!-- methodName -->
        <test-method signature="edge(java.lang.String,java.lang.String,java.lang.String,java.lang.String,java.lang.String)[pri:0, instance:com.mohs10.scripts.HomeTest@1b2abca6]" started-at="2023-02-13T16:42:52 IST" name="edge" finished-at="2023-02-13T16:43:49 IST" duration-ms="57144" status="PASS">
          <params>
            <param index="0">
              <value>
                <![CDATA[edge]]>
              </value>
            </param>
            <param index="1">
              <value>
                <![CDATA[mohs10tech]]>
              </value>
            </param>
            <param index="2">
              <value>
                <![CDATA[mhs10@gmail.com]]>
              </value>
            </param>
            <param index="3">
              <value>
                <![CDATA[happy deal]]>
              </value>
            </param>
            <param index="4">
              <value>
                <![CDATA[Hi Krisemi , My Self Mohs10 technology, happy to meet with You.]]>
              </value>
            </param>
          </params>
          <reporter-output>
          </reporter-output>
        </test-method> <!-- edge -->
        <test-method signature="firefox(java.lang.String,java.lang.String,java.lang.String,java.lang.String,java.lang.String)[pri:0, instance:com.mohs10.scripts.HomeTest@1b2abca6]" started-at="2023-02-13T16:43:49 IST" name="firefox" finished-at="2023-02-13T16:44:52 IST" duration-ms="62801" status="PASS">
          <params>
            <param index="0">
              <value>
                <![CDATA[firefox]]>
              </value>
            </param>
            <param index="1">
              <value>
                <![CDATA[mohs10tech]]>
              </value>
            </param>
            <param index="2">
              <value>
                <![CDATA[mhs10@gmail.com]]>
              </value>
            </param>
            <param index="3">
              <value>
                <![CDATA[happy deal]]>
              </value>
            </param>
            <param index="4">
              <value>
                <![CDATA[Hi Krisemi , My Self Mohs10 technology, happy to meet with You.]]>
              </value>
            </param>
          </params>
          <reporter-output>
          </reporter-output>
        </test-method> <!-- firefox -->
        <test-method is-config="true" signature="methodName(java.lang.reflect.Method)[pri:0, instance:com.mohs10.scripts.HomeTest@1b2abca6]" started-at="2023-02-13T16:43:49 IST" name="methodName" finished-at="2023-02-13T16:43:49 IST" duration-ms="0" status="PASS">
          <params>
            <param index="0">
              <value>
                <![CDATA[public void com.mohs10.scripts.HomeTest.firefox(java.lang.String,java.lang.String,java.lang.String,java.lang.String,java.lang.String) throws java.lang.Exception]]>
              </value>
            </param>
          </params>
          <reporter-output>
          </reporter-output>
        </test-method> <!-- methodName -->
      </class> <!-- com.mohs10.scripts.HomeTest -->
    </test> <!-- CrossbrowserTest -->
  </suite> <!-- Parameterization Test Suite -->
</testng-results>
